May-14 20:47:11.970 [main] DEBUG nextflow.cli.Launcher - $> nextflow run main.nf --sra_accession
May-14 20:47:11.999 [main] INFO  nextflow.cli.CmdRun - N E X T F L O W  ~  version 22.10.7
May-14 20:47:12.010 [main] DEBUG nextflow.plugin.PluginsFacade - Setting up plugin manager > mode=prod; embedded=false; plugins-dir=/Users/eloksen/.nextflow/plugins; core-plugins: nf-amazon@1.11.4,nf-azure@0.14.2,nf-codecommit@0.1.2,nf-console@1.0.4,nf-ga4gh@1.0.4,nf-google@1.4.5,nf-tower@1.5.6,nf-wave@0.5.4
May-14 20:47:12.015 [main] INFO  org.pf4j.DefaultPluginStatusProvider - Enabled plugins: []
May-14 20:47:12.015 [main] INFO  org.pf4j.DefaultPluginStatusProvider - Disabled plugins: []
May-14 20:47:12.016 [main] INFO  org.pf4j.DefaultPluginManager - PF4J version 3.4.1 in 'deployment' mode
May-14 20:47:12.021 [main] INFO  org.pf4j.AbstractPluginManager - No plugins
May-14 20:47:12.029 [main] DEBUG nextflow.config.ConfigBuilder - Found config local: /Users/eloksen/Library/Mobile Documents/com~apple~CloudDocs/Projects/sra_alignment_pipeline/nextflow.config
May-14 20:47:12.029 [main] DEBUG nextflow.config.ConfigBuilder - Parsing config file: /Users/eloksen/Library/Mobile Documents/com~apple~CloudDocs/Projects/sra_alignment_pipeline/nextflow.config
May-14 20:47:12.043 [main] DEBUG nextflow.config.ConfigBuilder - Applying config profile: `standard`
May-14 20:47:12.309 [main] DEBUG nextflow.cli.CmdRun - Applied DSL=1 by probing script field
May-14 20:47:12.320 [main] INFO  nextflow.cli.CmdRun - Launching `main.nf` [chaotic_fermi] DSL1 - revision: 67e2f657d0
May-14 20:47:12.320 [main] DEBUG nextflow.plugin.PluginsFacade - Plugins default=[]
May-14 20:47:12.320 [main] DEBUG nextflow.plugin.PluginsFacade - Plugins resolved requirement=[]
May-14 20:47:12.326 [main] DEBUG nextflow.secret.LocalSecretsProvider - Secrets store: /Users/eloksen/.nextflow/secrets/store.json
May-14 20:47:12.327 [main] DEBUG nextflow.secret.SecretsLoader - Discovered secrets providers: [nextflow.secret.LocalSecretsProvider@a451491] - activable => nextflow.secret.LocalSecretsProvider@a451491
May-14 20:47:12.356 [main] DEBUG nextflow.Session - Session UUID: d6270247-c716-47e8-bc84-a7b824d674f2
May-14 20:47:12.356 [main] DEBUG nextflow.Session - Run name: chaotic_fermi
May-14 20:47:12.356 [main] DEBUG nextflow.Session - Executor pool size: 12
May-14 20:47:12.361 [main] DEBUG nextflow.util.ThreadPoolBuilder - Creating thread pool 'FileTransfer' minSize=10; maxSize=36; workQueue=LinkedBlockingQueue[10000]; allowCoreThreadTimeout=false
May-14 20:47:12.507 [main] DEBUG nextflow.cli.CmdRun - 
  Version: 22.10.7 build 5853
  Created: 18-02-2023 20:32 UTC (15:32 EDT)
  System: Mac OS X 13.2.1
  Runtime: Groovy 3.0.13 on OpenJDK 64-Bit Server VM 17.0.7+0
  Encoding: UTF-8 (UTF-8)
  Process: 80463@ethans-mbp.lan [192.168.86.24]
  CPUs: 12 - Mem: 32 GB (74.4 MB) - Swap: 12 GB (978.7 MB)
May-14 20:47:12.515 [main] DEBUG nextflow.Session - Work-dir: /Users/eloksen/Library/Mobile Documents/com~apple~CloudDocs/Projects/sra_alignment_pipeline/work [Mac OS X]
May-14 20:47:12.515 [main] DEBUG nextflow.Session - Script base path does not exist or is not a directory: /Users/eloksen/Library/Mobile Documents/com~apple~CloudDocs/Projects/sra_alignment_pipeline/bin
May-14 20:47:12.520 [main] DEBUG nextflow.executor.ExecutorFactory - Extension executors providers=[]
May-14 20:47:12.525 [main] DEBUG nextflow.Session - Observer factory: DefaultObserverFactory
May-14 20:47:12.533 [main] DEBUG nextflow.cache.CacheFactory - Using Nextflow cache factory: nextflow.cache.DefaultCacheFactory
May-14 20:47:12.539 [main] DEBUG nextflow.util.CustomThreadPool - Creating default thread pool > poolSize: 13; maxThreads: 1000
May-14 20:47:12.569 [main] DEBUG nextflow.Session - Session start
May-14 20:47:12.687 [main] DEBUG nextflow.script.ScriptRunner - > Launching execution
May-14 20:47:12.693 [main] DEBUG nextflow.Session - Session aborted -- Cause: No signature of method: java.lang.Boolean.split() is applicable for argument types: (String) values: [,]
Possible solutions: split(groovy.lang.Closure), wait(), wait(long), getAt(java.lang.String), print(java.lang.Object), sprintf(java.lang.String, [Ljava.lang.Object;)
May-14 20:47:12.699 [main] ERROR nextflow.cli.Launcher - @unknown
groovy.lang.MissingMethodException: No signature of method: java.lang.Boolean.split() is applicable for argument types: (String) values: [,]
Possible solutions: split(groovy.lang.Closure), wait(), wait(long), getAt(java.lang.String), print(java.lang.Object), sprintf(java.lang.String, [Ljava.lang.Object;)
	at org.codehaus.groovy.runtime.ScriptBytecodeAdapter.unwrap(ScriptBytecodeAdapter.java:70)
	at org.codehaus.groovy.runtime.callsite.PojoMetaClassSite.call(PojoMetaClassSite.java:46)
	at org.codehaus.groovy.runtime.callsite.CallSiteArray.defaultCall(CallSiteArray.java:47)
	at org.codehaus.groovy.runtime.callsite.AbstractCallSite.call(AbstractCallSite.java:125)
	at org.codehaus.groovy.runtime.callsite.AbstractCallSite.call(AbstractCallSite.java:139)
	at Script_ed686883.runScript(Script_ed686883:8)
	at nextflow.script.BaseScript.runDsl1(BaseScript.groovy:164)
	at nextflow.script.BaseScript.run(BaseScript.groovy:217)
	at nextflow.script.ScriptParser.runScript(ScriptParser.groovy:230)
	at nextflow.script.ScriptRunner.run(ScriptRunner.groovy:225)
	at nextflow.script.ScriptRunner.execute(ScriptRunner.groovy:131)
	at nextflow.cli.CmdRun.run(CmdRun.groovy:354)
	at nextflow.cli.Launcher.run(Launcher.groovy:487)
	at nextflow.cli.Launcher.main(Launcher.groovy:646)
